Arguments: 
  /home/ali/.nvm/versions/node/v14.16.0/bin/node /home/ali/.nvm/versions/node/v14.16.0/bin/yarn start

PATH: 
  /opt/firefox/firefox:/home/ali/.nvm/versions/node/v14.16.0/bin:/usr/local/sbin:/usr/local/bin:/usr/sbin:/usr/bin:/sbin:/bin:/usr/games:/usr/local/games:/snap/bin

Yarn version: 
  1.22.10

Node version: 
  14.16.0

Platform: 
  linux x64

Trace: 
  SyntaxError: /home/ali/ikigai_blokchain_ai/udemy/booking/server/package.json: Unexpected string in JSON at position 164
      at JSON.parse (<anonymous>)
      at /home/ali/.nvm/versions/node/v14.16.0/lib/node_modules/yarn/lib/cli.js:1625:59
      at Generator.next (<anonymous>)
      at step (/home/ali/.nvm/versions/node/v14.16.0/lib/node_modules/yarn/lib/cli.js:310:30)
      at /home/ali/.nvm/versions/node/v14.16.0/lib/node_modules/yarn/lib/cli.js:321:13

npm manifest: 
  {
    "name": "server",
    "version": "1.0.0",
    "description": "",
    "main": "index.js",
    "scripts": {
      "test": "echo \"Error: no test specified\" && exit 1"
      "start": "nodemon server.js"
    },
    "keywords": [],
    "author": "",
    "license": "ISC",
    "dependencies": {
      "cors": "^2.8.5",
      "dotenv": "^9.0.1",
      "express": "^4.17.1",
      "mongoose": "^5.12.7",
      "morgan": "^1.10.0",
      "nodemon": "^2.0.7"
    }
  }

yarn manifest: 
  No manifest

Lockfile: 
  No lockfile
